Started GET "/" for 127.0.0.1 at 2018-01-31 17:12:51 +0800
Processing by Rails::WelcomeController#index as HTML
  Rendering /Users/moonfox/.rvm/gems/ruby-2.3.0/gems/railties-5.1.4/lib/rails/templates/rails/welcome/index.html.erb
  Rendered /Users/moonfox/.rvm/gems/ruby-2.3.0/gems/railties-5.1.4/lib/rails/templates/rails/welcome/index.html.erb (27.6ms)
Completed 200 OK in 177ms (Views: 32.3ms)


Started GET "/kamigo/eat" for 127.0.0.1 at 2018-02-01 10:38:57 +0800
  
SyntaxError (/Users/moonfox/LineBot/ironman/app/controllers/kamigo_controller.rb:3: syntax error, unexpected end-of-input, expecting keyword_end):
  
app/controllers/kamigo_controller.rb:3: syntax error, unexpected end-of-input, expecting keyword_end
Started GET "/kamigo/eat" for 127.0.0.1 at 2018-02-01 10:39:38 +0800
Processing by KamigoController#eat as HTML
  Rendering kamigo/eat.html within layouts/application
  Rendered kamigo/eat.html within layouts/application (0.4ms)
Completed 200 OK in 858ms (Views: 733.9ms)


Started GET "/kamigo/eat" for 127.0.0.1 at 2018-02-01 10:40:07 +0800
Processing by KamigoController#eat as HTML
  Rendering text template
  Rendered text template (0.0ms)
Completed 200 OK in 3ms (Views: 2.4ms)


Started GET "/kamigo/request_headers" for 127.0.0.1 at 2018-02-01 10:49:26 +0800
Processing by KamigoController#request_headers as HTML
  Rendering text template
  Rendered text template (0.0ms)
Completed 200 OK in 1ms (Views: 0.6ms)


Started GET "/kamigo/request_headers" for 127.0.0.1 at 2018-02-01 10:50:38 +0800
Processing by KamigoController#request_headers as HTML
  Rendering text template
  Rendered text template (0.0ms)
Completed 200 OK in 2ms (Views: 0.9ms)


Started GET "/kamigo/request_headers" for 127.0.0.1 at 2018-02-01 10:51:36 +0800
Processing by KamigoController#request_headers as HTML
  Rendering text template
  Rendered text template (0.0ms)
Completed 200 OK in 2ms (Views: 0.6ms)


Started GET "/kamigo/request_headers" for 127.0.0.1 at 2018-02-01 10:53:06 +0800
Processing by KamigoController#request_headers as HTML
  Rendering text template
  Rendered text template (0.0ms)
Completed 200 OK in 2ms (Views: 1.0ms)


Started GET "/kamigo/request_headers" for 127.0.0.1 at 2018-02-01 10:54:06 +0800
Processing by KamigoController#request_headers as HTML
  Rendering text template
  Rendered text template (0.0ms)
Completed 200 OK in 2ms (Views: 1.0ms)


Started GET "/kamigo/request_headers" for 127.0.0.1 at 2018-02-01 10:54:52 +0800
Processing by KamigoController#request_headers as HTML
  Rendering text template
  Rendered text template (0.0ms)
Completed 200 OK in 2ms (Views: 1.5ms)


Started GET "/kamigo/request_headers" for 127.0.0.1 at 2018-02-01 11:09:35 +0800
Processing by KamigoController#request_headers as HTML
  Rendering text template
  Rendered text template (0.0ms)
Completed 200 OK in 2ms (Views: 0.7ms)


Started GET "/kamigo/response_headers" for 127.0.0.1 at 2018-02-01 11:09:59 +0800
  
ActionController::RoutingError (No route matches [GET] "/kamigo/response_headers"):
  
actionpack (5.1.4) lib/action_dispatch/middleware/debug_exceptions.rb:63:in `call'
web-console (3.5.1) lib/web_console/middleware.rb:135:in `call_app'
web-console (3.5.1) lib/web_console/middleware.rb:28:in `block in call'
web-console (3.5.1) lib/web_console/middleware.rb:18:in `catch'
web-console (3.5.1) lib/web_console/middleware.rb:18:in `call'
actionpack (5.1.4) lib/action_dispatch/middleware/show_exceptions.rb:31:in `call'
railties (5.1.4) lib/rails/rack/logger.rb:36:in `call_app'
railties (5.1.4) lib/rails/rack/logger.rb:24:in `block in call'
activesupport (5.1.4) lib/active_support/tagged_logging.rb:69:in `block in tagged'
activesupport (5.1.4) lib/active_support/tagged_logging.rb:26:in `tagged'
activesupport (5.1.4) lib/active_support/tagged_logging.rb:69:in `tagged'
railties (5.1.4) lib/rails/rack/logger.rb:24:in `call'
sprockets-rails (3.2.1) lib/sprockets/rails/quiet_assets.rb:13:in `call'
actionpack (5.1.4) lib/action_dispatch/middleware/remote_ip.rb:79:in `call'
actionpack (5.1.4) lib/action_dispatch/middleware/request_id.rb:25:in `call'
rack (2.0.3) lib/rack/method_override.rb:22:in `call'
rack (2.0.3) lib/rack/runtime.rb:22:in `call'
activesupport (5.1.4) lib/active_support/cache/strategy/local_cache_middleware.rb:27:in `call'
actionpack (5.1.4) lib/action_dispatch/middleware/executor.rb:12:in `call'
actionpack (5.1.4) lib/action_dispatch/middleware/static.rb:125:in `call'
rack (2.0.3) lib/rack/sendfile.rb:111:in `call'
railties (5.1.4) lib/rails/engine.rb:522:in `call'
puma (3.11.2) lib/puma/configuration.rb:225:in `call'
puma (3.11.2) lib/puma/server.rb:624:in `handle_request'
puma (3.11.2) lib/puma/server.rb:438:in `process_client'
puma (3.11.2) lib/puma/server.rb:302:in `block in run'
puma (3.11.2) lib/puma/thread_pool.rb:120:in `block in spawn_thread'
Started GET "/kamigo/response_headers" for 127.0.0.1 at 2018-02-01 11:10:12 +0800
Processing by KamigoController#response_headers as HTML
  Rendering text template
  Rendered text template (0.0ms)
Completed 200 OK in 1ms (Views: 0.5ms)


Started GET "/kamigo/response_body" for 127.0.0.1 at 2018-02-01 11:19:53 +0800
Processing by KamigoController#show_response_body as HTML
  Rendering text template
  Rendered text template (0.0ms)
Completed 200 OK in 1ms (Views: 0.6ms)


Started GET "/kamigo/show_response_body" for 127.0.0.1 at 2018-02-01 11:20:16 +0800
  
ActionController::RoutingError (No route matches [GET] "/kamigo/show_response_body"):
  
actionpack (5.1.4) lib/action_dispatch/middleware/debug_exceptions.rb:63:in `call'
web-console (3.5.1) lib/web_console/middleware.rb:135:in `call_app'
web-console (3.5.1) lib/web_console/middleware.rb:28:in `block in call'
web-console (3.5.1) lib/web_console/middleware.rb:18:in `catch'
web-console (3.5.1) lib/web_console/middleware.rb:18:in `call'
actionpack (5.1.4) lib/action_dispatch/middleware/show_exceptions.rb:31:in `call'
railties (5.1.4) lib/rails/rack/logger.rb:36:in `call_app'
railties (5.1.4) lib/rails/rack/logger.rb:24:in `block in call'
activesupport (5.1.4) lib/active_support/tagged_logging.rb:69:in `block in tagged'
activesupport (5.1.4) lib/active_support/tagged_logging.rb:26:in `tagged'
activesupport (5.1.4) lib/active_support/tagged_logging.rb:69:in `tagged'
railties (5.1.4) lib/rails/rack/logger.rb:24:in `call'
sprockets-rails (3.2.1) lib/sprockets/rails/quiet_assets.rb:13:in `call'
actionpack (5.1.4) lib/action_dispatch/middleware/remote_ip.rb:79:in `call'
actionpack (5.1.4) lib/action_dispatch/middleware/request_id.rb:25:in `call'
rack (2.0.3) lib/rack/method_override.rb:22:in `call'
rack (2.0.3) lib/rack/runtime.rb:22:in `call'
activesupport (5.1.4) lib/active_support/cache/strategy/local_cache_middleware.rb:27:in `call'
actionpack (5.1.4) lib/action_dispatch/middleware/executor.rb:12:in `call'
actionpack (5.1.4) lib/action_dispatch/middleware/static.rb:125:in `call'
rack (2.0.3) lib/rack/sendfile.rb:111:in `call'
railties (5.1.4) lib/rails/engine.rb:522:in `call'
puma (3.11.2) lib/puma/configuration.rb:225:in `call'
puma (3.11.2) lib/puma/server.rb:624:in `handle_request'
puma (3.11.2) lib/puma/server.rb:438:in `process_client'
puma (3.11.2) lib/puma/server.rb:302:in `block in run'
puma (3.11.2) lib/puma/thread_pool.rb:120:in `block in spawn_thread'
Started GET "/kamigo/show_response_body" for 127.0.0.1 at 2018-02-01 11:20:44 +0800
Processing by KamigoController#show_response_body as HTML
  Rendering text template
  Rendered text template (0.0ms)
Completed 200 OK in 2ms (Views: 1.1ms)


Started GET "/kamigo/show_response_body" for 127.0.0.1 at 2018-02-01 11:22:58 +0800
Processing by KamigoController#show_response_body as HTML
  Rendering text template
  Rendered text template (0.0ms)
Completed 200 OK in 1ms (Views: 0.6ms)


Started GET "/kamigo/sent_request" for 127.0.0.1 at 2018-02-01 11:48:50 +0800
Processing by KamigoController#sent_request as HTML
Started GET "/kamigo/response_body" for 127.0.0.1 at 2018-02-01 11:48:50 +0800
Completed 500 Internal Server Error in 120022ms


  
Net::ReadTimeout (Net::ReadTimeout):
  
app/controllers/kamigo_controller.rb:27:in `sent_request'
Processing by KamigoController#show_response_body as */*
Started GET "/kamigo/sent_request" for 127.0.0.1 at 2018-02-01 11:50:50 +0800
Started GET "/kamigo/response_body" for 127.0.0.1 at 2018-02-01 11:50:50 +0800
  Rendering text template
Processing by KamigoController#sent_request as HTML
Processing by KamigoController#show_response_body as */*
  Rendered text template (0.0ms)
  Rendering text template
  Rendered text template (0.0ms)
Completed 200 OK in 11ms (Views: 6.7ms)


Completed 200 OK in 6ms (Views: 3.5ms)


Started GET "/kamigo/request_headers" for 127.0.0.1 at 2018-02-01 11:55:07 +0800
Processing by KamigoController#request_headers as HTML
  Rendering text template
  Rendered text template (0.0ms)
Completed 200 OK in 144ms (Views: 2.7ms)


Started GET "/kamigo/response_body" for 127.0.0.1 at 2018-02-01 11:55:23 +0800
Processing by KamigoController#show_response_body as HTML
  Rendering text template
  Rendered text template (0.1ms)
Completed 200 OK in 1ms (Views: 0.7ms)


Started GET "/kamigo/sent_request" for 127.0.0.1 at 2018-02-01 13:22:28 +0800
Processing by KamigoController#sent_request as HTML
Started GET "/kamigo/response_body" for 127.0.0.1 at 2018-02-01 13:22:28 +0800
Started GET "/kamigo/response_body" for 127.0.0.1 at 2018-02-01 13:25:44 +0800
Processing by KamigoController#show_response_body as HTML
  Rendering text template
  Rendered text template (0.0ms)
Completed 200 OK in 147ms (Views: 2.9ms)


Started GET "/kamigo/show_response_body" for 127.0.0.1 at 2018-02-01 13:26:21 +0800
  
ActionController::RoutingError (No route matches [GET] "/kamigo/show_response_body"):
  
actionpack (5.1.4) lib/action_dispatch/middleware/debug_exceptions.rb:63:in `call'
web-console (3.5.1) lib/web_console/middleware.rb:135:in `call_app'
web-console (3.5.1) lib/web_console/middleware.rb:28:in `block in call'
web-console (3.5.1) lib/web_console/middleware.rb:18:in `catch'
web-console (3.5.1) lib/web_console/middleware.rb:18:in `call'
actionpack (5.1.4) lib/action_dispatch/middleware/show_exceptions.rb:31:in `call'
railties (5.1.4) lib/rails/rack/logger.rb:36:in `call_app'
railties (5.1.4) lib/rails/rack/logger.rb:24:in `block in call'
activesupport (5.1.4) lib/active_support/tagged_logging.rb:69:in `block in tagged'
activesupport (5.1.4) lib/active_support/tagged_logging.rb:26:in `tagged'
activesupport (5.1.4) lib/active_support/tagged_logging.rb:69:in `tagged'
railties (5.1.4) lib/rails/rack/logger.rb:24:in `call'
sprockets-rails (3.2.1) lib/sprockets/rails/quiet_assets.rb:13:in `call'
actionpack (5.1.4) lib/action_dispatch/middleware/remote_ip.rb:79:in `call'
actionpack (5.1.4) lib/action_dispatch/middleware/request_id.rb:25:in `call'
rack (2.0.3) lib/rack/method_override.rb:22:in `call'
rack (2.0.3) lib/rack/runtime.rb:22:in `call'
activesupport (5.1.4) lib/active_support/cache/strategy/local_cache_middleware.rb:27:in `call'
actionpack (5.1.4) lib/action_dispatch/middleware/executor.rb:12:in `call'
actionpack (5.1.4) lib/action_dispatch/middleware/static.rb:125:in `call'
rack (2.0.3) lib/rack/sendfile.rb:111:in `call'
railties (5.1.4) lib/rails/engine.rb:522:in `call'
puma (3.11.2) lib/puma/configuration.rb:225:in `call'
puma (3.11.2) lib/puma/server.rb:624:in `handle_request'
puma (3.11.2) lib/puma/server.rb:438:in `process_client'
puma (3.11.2) lib/puma/server.rb:302:in `block in run'
puma (3.11.2) lib/puma/thread_pool.rb:120:in `block in spawn_thread'
Started GET "/kamigo/show_response_body" for 127.0.0.1 at 2018-02-01 13:26:30 +0800
Processing by KamigoController#show_response_body as HTML
  Rendering text template
  Rendered text template (0.0ms)
Completed 200 OK in 2ms (Views: 1.1ms)


Started GET "/kamigo/sent_request" for 127.0.0.1 at 2018-02-01 13:26:51 +0800
Processing by KamigoController#sent_request as HTML
Started GET "/kamigo/show_response_body" for 127.0.0.1 at 2018-02-01 13:26:51 +0800
Processing by KamigoController#show_response_body as */*
  Rendering text template
  Rendered text template (0.0ms)
Completed 200 OK in 1ms (Views: 0.4ms)


Completed 500 Internal Server Error in 9ms


  
Encoding::CompatibilityError (incompatible character encodings: ASCII-8BIT and UTF-8):
  
app/controllers/kamigo_controller.rb:31:in `translate_to_korean'
app/controllers/kamigo_controller.rb:28:in `sent_request'
Started PUT "/__web_console/repl_sessions/fa36626d06bfe6c2fb8f523724cafff4" for 127.0.0.1 at 2018-02-01 13:27:17 +0800
Started PUT "/__web_console/repl_sessions/fa36626d06bfe6c2fb8f523724cafff4" for 127.0.0.1 at 2018-02-01 13:27:19 +0800
Started GET "/kamigo/sent_request" for 127.0.0.1 at 2018-02-01 13:27:41 +0800
Processing by KamigoController#sent_request as HTML
Started GET "/kamigo/show_response_body" for 127.0.0.1 at 2018-02-01 13:27:41 +0800
Completed 500 Internal Server Error in 120019ms


  
Net::ReadTimeout (Net::ReadTimeout):
  
app/controllers/kamigo_controller.rb:27:in `sent_request'
Processing by KamigoController#show_response_body as */*
Started GET "/kamigo/show_response_body" for 127.0.0.1 at 2018-02-01 13:29:41 +0800
  Rendering text template
Processing by KamigoController#show_response_body as */*
  Rendered text template (0.0ms)
  Rendering text template
Completed 200 OK in 4ms (Views: 2.9ms)


  Rendered text template (0.0ms)
Completed 200 OK in 2ms (Views: 1.2ms)


Started GET "/kamigo/sent_request" for 127.0.0.1 at 2018-02-01 13:32:04 +0800
Processing by KamigoController#sent_request as HTML
Started GET "/kamigo/show_response_body" for 127.0.0.1 at 2018-02-01 13:32:04 +0800
Processing by KamigoController#show_response_body as */*
  Rendering text template
  Rendered text template (0.0ms)
Completed 200 OK in 1ms (Views: 0.4ms)


  Rendering text template
  Rendered text template (0.0ms)
Completed 200 OK in 5ms (Views: 0.5ms)


Started POST "/kamigo/webhook" for 127.0.0.1 at 2018-02-01 13:50:43 +0800
Processing by KamigoController#webhook as */*
HTTP Origin header (chrome-extension://fhbjgbiflinjbdggehcddcbncdddomop) didn't match request.base_url (http://localhost:3000)
Completed 200 OK in 1ms


Started GET "/" for 127.0.0.1 at 2018-02-01 16:29:47 +0800
Processing by Rails::WelcomeController#index as HTML
  Rendering /Users/moonfox/.rvm/gems/ruby-2.3.0/gems/railties-5.1.4/lib/rails/templates/rails/welcome/index.html.erb
  Rendered /Users/moonfox/.rvm/gems/ruby-2.3.0/gems/railties-5.1.4/lib/rails/templates/rails/welcome/index.html.erb (11.7ms)
Completed 200 OK in 73ms (Views: 46.0ms)


Started GET "/" for 127.0.0.1 at 2018-02-02 14:48:46 +0800
  
ActiveRecord::PendingMigrationError (

Migrations are pending. To resolve this issue, run:

        bin/rails db:migrate RAILS_ENV=development

):
  
activerecord (5.1.4) lib/active_record/migration.rb:576:in `check_pending!'
activerecord (5.1.4) lib/active_record/migration.rb:553:in `call'
actionpack (5.1.4) lib/action_dispatch/middleware/callbacks.rb:26:in `block in call'
activesupport (5.1.4) lib/active_support/callbacks.rb:97:in `run_callbacks'
actionpack (5.1.4) lib/action_dispatch/middleware/callbacks.rb:24:in `call'
actionpack (5.1.4) lib/action_dispatch/middleware/executor.rb:12:in `call'
actionpack (5.1.4) lib/action_dispatch/middleware/debug_exceptions.rb:59:in `call'
web-console (3.5.1) lib/web_console/middleware.rb:135:in `call_app'
web-console (3.5.1) lib/web_console/middleware.rb:28:in `block in call'
web-console (3.5.1) lib/web_console/middleware.rb:18:in `catch'
web-console (3.5.1) lib/web_console/middleware.rb:18:in `call'
actionpack (5.1.4) lib/action_dispatch/middleware/show_exceptions.rb:31:in `call'
railties (5.1.4) lib/rails/rack/logger.rb:36:in `call_app'
railties (5.1.4) lib/rails/rack/logger.rb:24:in `block in call'
activesupport (5.1.4) lib/active_support/tagged_logging.rb:69:in `block in tagged'
activesupport (5.1.4) lib/active_support/tagged_logging.rb:26:in `tagged'
activesupport (5.1.4) lib/active_support/tagged_logging.rb:69:in `tagged'
railties (5.1.4) lib/rails/rack/logger.rb:24:in `call'
sprockets-rails (3.2.1) lib/sprockets/rails/quiet_assets.rb:13:in `call'
actionpack (5.1.4) lib/action_dispatch/middleware/remote_ip.rb:79:in `call'
actionpack (5.1.4) lib/action_dispatch/middleware/request_id.rb:25:in `call'
rack (2.0.3) lib/rack/method_override.rb:22:in `call'
rack (2.0.3) lib/rack/runtime.rb:22:in `call'
activesupport (5.1.4) lib/active_support/cache/strategy/local_cache_middleware.rb:27:in `call'
actionpack (5.1.4) lib/action_dispatch/middleware/executor.rb:12:in `call'
actionpack (5.1.4) lib/action_dispatch/middleware/static.rb:125:in `call'
rack (2.0.3) lib/rack/sendfile.rb:111:in `call'
railties (5.1.4) lib/rails/engine.rb:522:in `call'
puma (3.11.2) lib/puma/configuration.rb:225:in `call'
puma (3.11.2) lib/puma/server.rb:624:in `handle_request'
puma (3.11.2) lib/puma/server.rb:438:in `process_client'
puma (3.11.2) lib/puma/server.rb:302:in `block in run'
puma (3.11.2) lib/puma/thread_pool.rb:120:in `block in spawn_thread'
Started PUT "/__web_console/repl_sessions/4c11335ce1a8bd6acbda72118b877dfc" for 127.0.0.1 at 2018-02-02 14:49:02 +0800
Started PUT "/__web_console/repl_sessions/4c11335ce1a8bd6acbda72118b877dfc" for 127.0.0.1 at 2018-02-02 14:49:02 +0800
  [1m[35m (0.4ms)[0m  [1m[34mSELECT sqlite_version(*)[0m
  [1m[35m (0.9ms)[0m  [1m[35mCREATE TABLE "schema_migrations" ("version" varchar NOT NULL PRIMARY KEY)[0m
  [1m[35m (0.9ms)[0m  [1m[35mCREATE TABLE "ar_internal_metadata" ("key" varchar NOT NULL PRIMARY KEY, "value" varchar, "created_at" datetime NOT NULL, "updated_at" datetime NOT NULL)[0m
  [1m[35m (0.2ms)[0m  [1m[34mSELECT "schema_migrations"."version" FROM "schema_migrations" ORDER BY "schema_migrations"."version" ASC[0m
Migrating to CreateKeywordMappings (20180202060548)
  [1m[35m (0.1ms)[0m  [1m[36mbegin transaction[0m
  [1m[35m (0.5ms)[0m  [1m[35mCREATE TABLE "keyword_mappings" ("id" INTEGER PRIMARY KEY AUTOINCREMENT NOT NULL, "keyword" varchar, "message" varchar, "created_at" datetime NOT NULL, "updated_at" datetime NOT NULL)[0m
  [1m[35mSQL (0.2ms)[0m  [1m[32mINSERT INTO "schema_migrations" ("version") VALUES (?)[0m  [["version", "20180202060548"]]
  [1m[35m (0.7ms)[0m  [1m[36mcommit transaction[0m
  [1m[36mActiveRecord::InternalMetadata Load (0.1ms)[0m  [1m[34mSELECT  "ar_internal_metadata".* FROM "ar_internal_metadata" WHERE "ar_internal_metadata"."key" = ? LIMIT ?[0m  [["key", "environment"], ["LIMIT", 1]]
  [1m[35m (0.1ms)[0m  [1m[36mbegin transaction[0m
  [1m[35mSQL (0.3ms)[0m  [1m[32mINSERT INTO "ar_internal_metadata" ("key", "value", "created_at", "updated_at") VALUES (?, ?, ?, ?)[0m  [["key", "environment"], ["value", "development"], ["created_at", "2018-02-02 07:34:53.503157"], ["updated_at", "2018-02-02 07:34:53.503157"]]
  [1m[35m (0.6ms)[0m  [1m[36mcommit transaction[0m
  [1m[35m (0.1ms)[0m  [1m[34mSELECT "schema_migrations"."version" FROM "schema_migrations" ORDER BY "schema_migrations"."version" ASC[0m
  [1m[35m (0.2ms)[0m  [1m[34mSELECT "schema_migrations"."version" FROM "schema_migrations" ORDER BY "schema_migrations"."version" ASC[0m
  [1m[35m (0.1ms)[0m  [1m[34mSELECT "schema_migrations"."version" FROM "schema_migrations" ORDER BY "schema_migrations"."version" ASC[0m
Started GET "/" for 127.0.0.1 at 2018-02-02 15:48:40 +0800
  [1m[35m (0.2ms)[0m  [1m[34mSELECT "schema_migrations"."version" FROM "schema_migrations" ORDER BY "schema_migrations"."version" ASC[0m
Processing by Rails::WelcomeController#index as HTML
  Rendering /Users/moonfox/.rvm/gems/ruby-2.3.0/gems/railties-5.1.4/lib/rails/templates/rails/welcome/index.html.erb
  Rendered /Users/moonfox/.rvm/gems/ruby-2.3.0/gems/railties-5.1.4/lib/rails/templates/rails/welcome/index.html.erb (2.9ms)
Completed 200 OK in 8ms (Views: 4.9ms | ActiveRecord: 0.0ms)


Started GET "/keyword_mappings" for 127.0.0.1 at 2018-03-08 14:18:36 +0800
  [1m[35m (0.7ms)[0m  [1m[34mSELECT "schema_migrations"."version" FROM "schema_migrations" ORDER BY "schema_migrations"."version" ASC[0m
Processing by KeywordMappingsController#index as HTML
  Rendering keyword_mappings/index.html.erb within layouts/application
  [1m[36mKeywordMapping Load (0.5ms)[0m  [1m[34mSELECT "keyword_mappings".* FROM "keyword_mappings"[0m
  Rendered keyword_mappings/index.html.erb within layouts/application (12.5ms)
Completed 200 OK in 357ms (Views: 344.0ms | ActiveRecord: 1.2ms)


Started GET "/users/sign_up" for 127.0.0.1 at 2018-03-08 14:22:36 +0800
  [1m[35m (0.3ms)[0m  [1m[34mSELECT "schema_migrations"."version" FROM "schema_migrations" ORDER BY "schema_migrations"."version" ASC[0m
  
ActiveRecord::PendingMigrationError (

Migrations are pending. To resolve this issue, run:

        bin/rails db:migrate RAILS_ENV=development

):
  
activerecord (5.1.4) lib/active_record/migration.rb:576:in `check_pending!'
activerecord (5.1.4) lib/active_record/migration.rb:553:in `call'
actionpack (5.1.4) lib/action_dispatch/middleware/callbacks.rb:26:in `block in call'
activesupport (5.1.4) lib/active_support/callbacks.rb:97:in `run_callbacks'
actionpack (5.1.4) lib/action_dispatch/middleware/callbacks.rb:24:in `call'
actionpack (5.1.4) lib/action_dispatch/middleware/executor.rb:12:in `call'
actionpack (5.1.4) lib/action_dispatch/middleware/debug_exceptions.rb:59:in `call'
web-console (3.5.1) lib/web_console/middleware.rb:135:in `call_app'
web-console (3.5.1) lib/web_console/middleware.rb:28:in `block in call'
web-console (3.5.1) lib/web_console/middleware.rb:18:in `catch'
web-console (3.5.1) lib/web_console/middleware.rb:18:in `call'
actionpack (5.1.4) lib/action_dispatch/middleware/show_exceptions.rb:31:in `call'
railties (5.1.4) lib/rails/rack/logger.rb:36:in `call_app'
railties (5.1.4) lib/rails/rack/logger.rb:24:in `block in call'
activesupport (5.1.4) lib/active_support/tagged_logging.rb:69:in `block in tagged'
activesupport (5.1.4) lib/active_support/tagged_logging.rb:26:in `tagged'
activesupport (5.1.4) lib/active_support/tagged_logging.rb:69:in `tagged'
railties (5.1.4) lib/rails/rack/logger.rb:24:in `call'
sprockets-rails (3.2.1) lib/sprockets/rails/quiet_assets.rb:13:in `call'
actionpack (5.1.4) lib/action_dispatch/middleware/remote_ip.rb:79:in `call'
actionpack (5.1.4) lib/action_dispatch/middleware/request_id.rb:25:in `call'
rack (2.0.3) lib/rack/method_override.rb:22:in `call'
rack (2.0.3) lib/rack/runtime.rb:22:in `call'
activesupport (5.1.4) lib/active_support/cache/strategy/local_cache_middleware.rb:27:in `call'
actionpack (5.1.4) lib/action_dispatch/middleware/executor.rb:12:in `call'
actionpack (5.1.4) lib/action_dispatch/middleware/static.rb:125:in `call'
rack (2.0.3) lib/rack/sendfile.rb:111:in `call'
railties (5.1.4) lib/rails/engine.rb:522:in `call'
puma (3.11.2) lib/puma/configuration.rb:225:in `call'
puma (3.11.2) lib/puma/server.rb:624:in `handle_request'
puma (3.11.2) lib/puma/server.rb:438:in `process_client'
puma (3.11.2) lib/puma/server.rb:302:in `block in run'
puma (3.11.2) lib/puma/thread_pool.rb:120:in `block in spawn_thread'
Started GET "/users/sign_in" for 127.0.0.1 at 2018-03-08 14:23:08 +0800
  [1m[35m (0.2ms)[0m  [1m[34mSELECT "schema_migrations"."version" FROM "schema_migrations" ORDER BY "schema_migrations"."version" ASC[0m
  
ActiveRecord::PendingMigrationError (

Migrations are pending. To resolve this issue, run:

        bin/rails db:migrate RAILS_ENV=development

):
  
activerecord (5.1.4) lib/active_record/migration.rb:576:in `check_pending!'
activerecord (5.1.4) lib/active_record/migration.rb:553:in `call'
actionpack (5.1.4) lib/action_dispatch/middleware/callbacks.rb:26:in `block in call'
activesupport (5.1.4) lib/active_support/callbacks.rb:97:in `run_callbacks'
actionpack (5.1.4) lib/action_dispatch/middleware/callbacks.rb:24:in `call'
actionpack (5.1.4) lib/action_dispatch/middleware/executor.rb:12:in `call'
actionpack (5.1.4) lib/action_dispatch/middleware/debug_exceptions.rb:59:in `call'
web-console (3.5.1) lib/web_console/middleware.rb:135:in `call_app'
web-console (3.5.1) lib/web_console/middleware.rb:28:in `block in call'
web-console (3.5.1) lib/web_console/middleware.rb:18:in `catch'
web-console (3.5.1) lib/web_console/middleware.rb:18:in `call'
actionpack (5.1.4) lib/action_dispatch/middleware/show_exceptions.rb:31:in `call'
railties (5.1.4) lib/rails/rack/logger.rb:36:in `call_app'
railties (5.1.4) lib/rails/rack/logger.rb:24:in `block in call'
activesupport (5.1.4) lib/active_support/tagged_logging.rb:69:in `block in tagged'
activesupport (5.1.4) lib/active_support/tagged_logging.rb:26:in `tagged'
activesupport (5.1.4) lib/active_support/tagged_logging.rb:69:in `tagged'
railties (5.1.4) lib/rails/rack/logger.rb:24:in `call'
sprockets-rails (3.2.1) lib/sprockets/rails/quiet_assets.rb:13:in `call'
actionpack (5.1.4) lib/action_dispatch/middleware/remote_ip.rb:79:in `call'
actionpack (5.1.4) lib/action_dispatch/middleware/request_id.rb:25:in `call'
rack (2.0.3) lib/rack/method_override.rb:22:in `call'
rack (2.0.3) lib/rack/runtime.rb:22:in `call'
activesupport (5.1.4) lib/active_support/cache/strategy/local_cache_middleware.rb:27:in `call'
actionpack (5.1.4) lib/action_dispatch/middleware/executor.rb:12:in `call'
actionpack (5.1.4) lib/action_dispatch/middleware/static.rb:125:in `call'
rack (2.0.3) lib/rack/sendfile.rb:111:in `call'
railties (5.1.4) lib/rails/engine.rb:522:in `call'
puma (3.11.2) lib/puma/configuration.rb:225:in `call'
puma (3.11.2) lib/puma/server.rb:624:in `handle_request'
puma (3.11.2) lib/puma/server.rb:438:in `process_client'
puma (3.11.2) lib/puma/server.rb:302:in `block in run'
puma (3.11.2) lib/puma/thread_pool.rb:120:in `block in spawn_thread'
  [1m[35m (0.2ms)[0m  [1m[34mSELECT "schema_migrations"."version" FROM "schema_migrations" ORDER BY "schema_migrations"."version" ASC[0m
